<?xml version="1.0" encoding="UTF-8"?>
<!-- Generated by org.testng.reporters.JUnitReportReporter -->
<testsuite hostname="DESKTOP-KR227GK" failures="0" tests="1" name="tests.SearchCustomer" time="19.938" errors="0" timestamp="2 Aug 2023 08:58:40 GMT">
  <testcase classname="tests.SearchCustomer" name="searchCustomerbyEmail" time="19.938"/>
</testsuite> <!-- tests.SearchCustomer -->
